<?xml version="1.0" encoding="UTF-8"?>
<!-- Generated by org.testng.reporters.JUnitXMLReporter -->
<testsuite ignored="0" hostname="MKAGAN" failures="0" tests="24" name="Surefire test" time="35.269" errors="0" timestamp="2022-09-05T18:33:26 TRT">
  <testcase classname="ApiTests.GroceryTest" name="getAllGroceryTest" time="3.12"/>
  <testcase classname="ApiTests.GroceryTest" name="getGroceryByNameTest" time="0.91"/>
  <testcase classname="ApiTests.GroceryTest" name="addGroceryTest" time="0.469"/>
  <testcase classname="ApiTests.GroceryTest" name="getGroceryByIdTest" time="0.9"/>
  <testcase classname="ApiTests.GroceryTest" name="delGroceryTest" time="0.428"/>
  <testcase classname="ApiTests.PetStoreTest" name="addPetTest" time="0.878"/>
  <testcase classname="ApiTests.PetStoreTest" name="findByStatusAvailableTest" time="0.777"/>
  <testcase classname="ApiTests.PetStoreTest" name="findByStatusPendingTest" time="0.715"/>
  <testcase classname="ApiTests.PetStoreTest" name="findByStatusSoldTest" time="0.736"/>
  <testcase classname="ApiTests.PetStoreTest" name="findPetByIdTest" time="0.742"/>
  <testcase classname="ApiTests.PetStoreTest" name="petDeleteTest" time="0.703"/>
  <testcase classname="ApiTests.PetStoreTest" name="unsuccessfulFindPetByIdTest" time="0.729"/>
  <testcase classname="ApiTests.PetStoreTest" name="unsuccessfulPetDeleteTest" time="0.759"/>
  <testcase classname="EnuygunTest.EnuygunFlightTest" name="openEnuygun" time="1.792"/>
  <testcase classname="EnuygunTest.EnuygunFlightTest" name="openFlightPage" time="1.224"/>
  <testcase classname="EnuygunTest.EnuygunFlightTest" name="selectOriginPlace" time="0.386"/>
  <testcase classname="EnuygunTest.EnuygunFlightTest" name="selectDestinationPlace" time="0.299"/>
  <testcase classname="EnuygunTest.EnuygunFlightTest" name="selectIsDirect" time="0.083"/>
  <testcase classname="EnuygunTest.EnuygunFlightTest" name="selectDays" time="0.363"/>
  <testcase classname="EnuygunTest.EnuygunFlightTest" name="findFlights" time="4.24"/>
  <testcase classname="EnuygunTest.EnuygunFlightTest" name="selectOriginFlight" time="8.76"/>
  <testcase classname="EnuygunTest.EnuygunFlightTest" name="selectReturnFlight" time="1.31"/>
  <testcase classname="EnuygunTest.EnuygunFlightTest" name="selectFlights" time="4.667"/>
  <testcase classname="EnuygunTest.EnuygunFlightTest" name="getTitle" time="0.031"/>
</testsuite> <!-- Surefire test -->
