<?xml version="1.0" encoding="UTF-8"?>
<testsuite xmlns:xsi="http://www.w3.org/2001/XMLSchema-instance" xsi:noNamespaceSchemaLocation="https://maven.apache.org/surefire/maven-surefire-plugin/xsd/surefire-test-report.xsd" name="TestSuite" time="41.503" tests="24" errors="0" skipped="0" failures="0">
  <properties>
[...]
</properties>
  <testcase name="getAllGroceryTest" classname="ApiTests.GroceryTest" time="3.194"/>
  <testcase name="getGroceryByNameTest" classname="ApiTests.GroceryTest" time="0.911"/>
  <testcase name="addGroceryTest" classname="ApiTests.GroceryTest" time="0.47"/>
  <testcase name="getGroceryByIdTest" classname="ApiTests.GroceryTest" time="0.9"/>
  <testcase name="delGroceryTest" classname="ApiTests.GroceryTest" time="0.43"/>
  <testcase name="addPetTest" classname="ApiTests.PetStoreTest" time="0.88"/>
  <testcase name="findByStatusAvailableTest" classname="ApiTests.PetStoreTest" time="0.778"/>
  <testcase name="findByStatusPendingTest" classname="ApiTests.PetStoreTest" time="0.72"/>
  <testcase name="findByStatusSoldTest" classname="ApiTests.PetStoreTest" time="0.735"/>
  <testcase name="findPetByIdTest" classname="ApiTests.PetStoreTest" time="0.744"/>
  <testcase name="petDeleteTest" classname="ApiTests.PetStoreTest" time="0.703"/>
  <testcase name="unsuccessfulFindPetByIdTest" classname="ApiTests.PetStoreTest" time="0.731"/>
  <testcase name="unsuccessfulPetDeleteTest" classname="ApiTests.PetStoreTest" time="0.761"/>
  <testcase name="openEnuygun" classname="EnuygunTest.EnuygunFlightTest" time="1.795"/>
  <testcase name="openFlightPage" classname="EnuygunTest.EnuygunFlightTest" time="1.225"/>
  <testcase name="selectOriginPlace" classname="EnuygunTest.EnuygunFlightTest" time="0.388"/>
  <testcase name="selectDestinationPlace" classname="EnuygunTest.EnuygunFlightTest" time="0.299"/>
  <testcase name="selectIsDirect" classname="EnuygunTest.EnuygunFlightTest" time="0.084"/>
  <testcase name="selectDays" classname="EnuygunTest.EnuygunFlightTest" time="0.365"/>
  <testcase name="findFlights" classname="EnuygunTest.EnuygunFlightTest" time="4.242"/>
  <testcase name="selectOriginFlight" classname="EnuygunTest.EnuygunFlightTest" time="8.764"/>
  <testcase name="selectReturnFlight" classname="EnuygunTest.EnuygunFlightTest" time="1.311"/>
  <testcase name="selectFlights" classname="EnuygunTest.EnuygunFlightTest" time="4.667"/>
  <testcase name="getTitle" classname="EnuygunTest.EnuygunFlightTest" time="0.032"/>
</testsuite>