<?xml version="1.0" encoding="UTF-8"?>
<testng-results ignored="0" total="24" passed="24" failed="0" skipped="0">
  <reporter-output>
  </reporter-output>
  <suite started-at="2022-09-05T18:32:50 TRT" name="Surefire suite" finished-at="2022-09-05T18:33:26 TRT" duration-ms="35269">
    <groups>
    </groups>
    <test started-at="2022-09-05T18:32:50 TRT" name="Surefire test" finished-at="2022-09-05T18:33:26 TRT" duration-ms="35269">
      <class name="EnuygunTest.EnuygunFlightTest">
        <test-method is-config="true" signature="setup()[pri:0, instance:EnuygunTest.EnuygunFlightTest@4047ca4d]" started-at="2022-09-05T18:33:02 TRT" name="setup" finished-at="2022-09-05T18:33:02 TRT" duration-ms="22" status="PASS">
          <reporter-output>
          </reporter-output>
        </test-method> <!-- setup -->
        <test-method signature="openEnuygun()[pri:1, instance:EnuygunTest.EnuygunFlightTest@4047ca4d]" started-at="2022-09-05T18:33:02 TRT" name="openEnuygun" finished-at="2022-09-05T18:33:04 TRT" duration-ms="1792" status="PASS">
          <reporter-output>
          </reporter-output>
        </test-method> <!-- openEnuygun -->
        <test-method signature="openFlightPage()[pri:2, instance:EnuygunTest.EnuygunFlightTest@4047ca4d]" started-at="2022-09-05T18:33:04 TRT" name="openFlightPage" finished-at="2022-09-05T18:33:05 TRT" duration-ms="1224" status="PASS">
          <reporter-output>
          </reporter-output>
        </test-method> <!-- openFlightPage -->
        <test-method signature="selectOriginPlace()[pri:3, instance:EnuygunTest.EnuygunFlightTest@4047ca4d]" started-at="2022-09-05T18:33:05 TRT" name="selectOriginPlace" finished-at="2022-09-05T18:33:06 TRT" duration-ms="386" status="PASS">
          <reporter-output>
          </reporter-output>
        </test-method> <!-- selectOriginPlace -->
        <test-method signature="selectDestinationPlace()[pri:4, instance:EnuygunTest.EnuygunFlightTest@4047ca4d]" started-at="2022-09-05T18:33:06 TRT" name="selectDestinationPlace" finished-at="2022-09-05T18:33:06 TRT" duration-ms="299" status="PASS">
          <reporter-output>
          </reporter-output>
        </test-method> <!-- selectDestinationPlace -->
        <test-method signature="selectIsDirect()[pri:5, instance:EnuygunTest.EnuygunFlightTest@4047ca4d]" started-at="2022-09-05T18:33:06 TRT" name="selectIsDirect" finished-at="2022-09-05T18:33:06 TRT" duration-ms="83" status="PASS">
          <reporter-output>
          </reporter-output>
        </test-method> <!-- selectIsDirect -->
        <test-method signature="selectDays()[pri:6, instance:EnuygunTest.EnuygunFlightTest@4047ca4d]" started-at="2022-09-05T18:33:06 TRT" name="selectDays" finished-at="2022-09-05T18:33:06 TRT" duration-ms="363" status="PASS">
          <reporter-output>
          </reporter-output>
        </test-method> <!-- selectDays -->
        <test-method signature="findFlights()[pri:7, instance:EnuygunTest.EnuygunFlightTest@4047ca4d]" started-at="2022-09-05T18:33:07 TRT" name="findFlights" finished-at="2022-09-05T18:33:11 TRT" duration-ms="4240" status="PASS">
          <reporter-output>
          </reporter-output>
        </test-method> <!-- findFlights -->
        <test-method signature="selectOriginFlight()[pri:8, instance:EnuygunTest.EnuygunFlightTest@4047ca4d]" started-at="2022-09-05T18:33:11 TRT" name="selectOriginFlight" finished-at="2022-09-05T18:33:20 TRT" duration-ms="8760" status="PASS">
          <reporter-output>
          </reporter-output>
        </test-method> <!-- selectOriginFlight -->
        <test-method signature="selectReturnFlight()[pri:9, instance:EnuygunTest.EnuygunFlightTest@4047ca4d]" started-at="2022-09-05T18:33:20 TRT" name="selectReturnFlight" finished-at="2022-09-05T18:33:21 TRT" duration-ms="1310" status="PASS">
          <reporter-output>
          </reporter-output>
        </test-method> <!-- selectReturnFlight -->
        <test-method signature="selectFlights()[pri:10, instance:EnuygunTest.EnuygunFlightTest@4047ca4d]" started-at="2022-09-05T18:33:21 TRT" name="selectFlights" finished-at="2022-09-05T18:33:25 TRT" duration-ms="4667" status="PASS">
          <reporter-output>
          </reporter-output>
        </test-method> <!-- selectFlights -->
        <test-method signature="getTitle()[pri:11, instance:EnuygunTest.EnuygunFlightTest@4047ca4d]" started-at="2022-09-05T18:33:25 TRT" name="getTitle" finished-at="2022-09-05T18:33:26 TRT" duration-ms="31" status="PASS">
          <reporter-output>
          </reporter-output>
        </test-method> <!-- getTitle -->
      </class> <!-- EnuygunTest.EnuygunFlightTest -->
      <class name="ApiTests.PetStoreTest">
        <test-method signature="addPetTest()[pri:1, instance:ApiTests.PetStoreTest@58e2af93]" started-at="2022-09-05T18:32:56 TRT" name="addPetTest" finished-at="2022-09-05T18:32:57 TRT" duration-ms="878" status="PASS">
          <reporter-output>
          </reporter-output>
        </test-method> <!-- addPetTest -->
        <test-method signature="findByStatusAvailableTest()[pri:2, instance:ApiTests.PetStoreTest@58e2af93]" started-at="2022-09-05T18:32:57 TRT" name="findByStatusAvailableTest" finished-at="2022-09-05T18:32:58 TRT" duration-ms="777" status="PASS">
          <reporter-output>
          </reporter-output>
        </test-method> <!-- findByStatusAvailableTest -->
        <test-method signature="findByStatusPendingTest()[pri:3, instance:ApiTests.PetStoreTest@58e2af93]" started-at="2022-09-05T18:32:58 TRT" name="findByStatusPendingTest" finished-at="2022-09-05T18:32:59 TRT" duration-ms="715" status="PASS">
          <reporter-output>
          </reporter-output>
        </test-method> <!-- findByStatusPendingTest -->
        <test-method signature="findByStatusSoldTest()[pri:4, instance:ApiTests.PetStoreTest@58e2af93]" started-at="2022-09-05T18:32:59 TRT" name="findByStatusSoldTest" finished-at="2022-09-05T18:32:59 TRT" duration-ms="736" status="PASS">
          <reporter-output>
          </reporter-output>
        </test-method> <!-- findByStatusSoldTest -->
        <test-method signature="findPetByIdTest()[pri:5, instance:ApiTests.PetStoreTest@58e2af93]" started-at="2022-09-05T18:32:59 TRT" name="findPetByIdTest" finished-at="2022-09-05T18:33:00 TRT" duration-ms="742" status="PASS">
          <reporter-output>
          </reporter-output>
        </test-method> <!-- findPetByIdTest -->
        <test-method signature="petDeleteTest()[pri:6, instance:ApiTests.PetStoreTest@58e2af93]" started-at="2022-09-05T18:33:00 TRT" name="petDeleteTest" finished-at="2022-09-05T18:33:01 TRT" duration-ms="703" status="PASS">
          <reporter-output>
          </reporter-output>
        </test-method> <!-- petDeleteTest -->
        <test-method signature="unsuccessfulFindPetByIdTest()[pri:7, instance:ApiTests.PetStoreTest@58e2af93]" started-at="2022-09-05T18:33:01 TRT" name="unsuccessfulFindPetByIdTest" finished-at="2022-09-05T18:33:02 TRT" duration-ms="729" status="PASS">
          <reporter-output>
          </reporter-output>
        </test-method> <!-- unsuccessfulFindPetByIdTest -->
        <test-method signature="unsuccessfulPetDeleteTest()[pri:8, instance:ApiTests.PetStoreTest@58e2af93]" started-at="2022-09-05T18:33:02 TRT" name="unsuccessfulPetDeleteTest" finished-at="2022-09-05T18:33:02 TRT" duration-ms="759" status="PASS">
          <reporter-output>
          </reporter-output>
        </test-method> <!-- unsuccessfulPetDeleteTest -->
      </class> <!-- ApiTests.PetStoreTest -->
      <class name="ApiTests.GroceryTest">
        <test-method signature="getAllGroceryTest()[pri:1, instance:ApiTests.GroceryTest@7c51782d]" started-at="2022-09-05T18:32:50 TRT" name="getAllGroceryTest" finished-at="2022-09-05T18:32:53 TRT" duration-ms="3120" status="PASS">
          <reporter-output>
          </reporter-output>
        </test-method> <!-- getAllGroceryTest -->
        <test-method signature="getGroceryByNameTest()[pri:2, instance:ApiTests.GroceryTest@7c51782d]" started-at="2022-09-05T18:32:54 TRT" name="getGroceryByNameTest" finished-at="2022-09-05T18:32:54 TRT" duration-ms="910" status="PASS">
          <reporter-output>
          </reporter-output>
        </test-method> <!-- getGroceryByNameTest -->
        <test-method signature="addGroceryTest()[pri:3, instance:ApiTests.GroceryTest@7c51782d]" started-at="2022-09-05T18:32:54 TRT" name="addGroceryTest" finished-at="2022-09-05T18:32:55 TRT" duration-ms="469" status="PASS">
          <reporter-output>
          </reporter-output>
        </test-method> <!-- addGroceryTest -->
        <test-method signature="getGroceryByIdTest()[pri:4, instance:ApiTests.GroceryTest@7c51782d]" started-at="2022-09-05T18:32:55 TRT" name="getGroceryByIdTest" finished-at="2022-09-05T18:32:56 TRT" duration-ms="900" status="PASS">
          <reporter-output>
          </reporter-output>
        </test-method> <!-- getGroceryByIdTest -->
        <test-method signature="delGroceryTest()[pri:5, instance:ApiTests.GroceryTest@7c51782d]" started-at="2022-09-05T18:32:56 TRT" name="delGroceryTest" finished-at="2022-09-05T18:32:56 TRT" duration-ms="428" status="PASS">
          <reporter-output>
          </reporter-output>
        </test-method> <!-- delGroceryTest -->
      </class> <!-- ApiTests.GroceryTest -->
    </test> <!-- Surefire test -->
  </suite> <!-- Surefire suite -->
</testng-results>
